<?xml version="1.0" encoding="UTF-8"?>
<coverage generated="1742922197696" clover="3.2.0">
  <project timestamp="1742922197696" name="All files">
    <metrics statements="153" coveredstatements="149" conditionals="43" coveredconditionals="40" methods="13" coveredmethods="10" elements="209" coveredelements="199" complexity="0" loc="153" ncloc="153" packages="1" files="1" classes="1"/>
    <file name="App.tsx" path="D:\Программы\Проги\toDoList\src\App.tsx">
      <metrics statements="153" coveredstatements="149" conditionals="43" coveredconditionals="40" methods="13" coveredmethods="10"/>
      <line num="1" count="1" type="stmt"/>
      <line num="2" count="1" type="stmt"/>
      <line num="4" count="1" type="stmt"/>
      <line num="5" count="1" type="stmt"/>
      <line num="13" count="24" type="cond" truecount="1" falsecount="0"/>
      <line num="14" count="24" type="stmt"/>
      <line num="15" count="24" type="stmt"/>
      <line num="16" count="24" type="stmt"/>
      <line num="17" count="24" type="stmt"/>
      <line num="18" count="24" type="stmt"/>
      <line num="19" count="24" type="stmt"/>
      <line num="21" count="24" type="stmt"/>
      <line num="23" count="24" type="cond" truecount="1" falsecount="0"/>
      <line num="24" count="5" type="cond" truecount="0" falsecount="1"/>
      <line num="26" count="5" type="stmt"/>
      <line num="27" count="5" type="stmt"/>
      <line num="28" count="5" type="stmt"/>
      <line num="29" count="5" type="stmt"/>
      <line num="30" count="5" type="stmt"/>
      <line num="32" count="5" type="stmt"/>
      <line num="33" count="5" type="stmt"/>
      <line num="36" count="5" type="stmt"/>
      <line num="37" count="5" type="cond" truecount="2" falsecount="0"/>
      <line num="38" count="4" type="stmt"/>
      <line num="39" count="5" type="cond" truecount="0" falsecount="1"/>
      <line num="40" count="0" type="stmt"/>
      <line num="41" count="0" type="stmt"/>
      <line num="42" count="0" type="stmt"/>
      <line num="43" count="0" type="stmt"/>
      <line num="44" count="5" type="stmt"/>
      <line num="46" count="24" type="cond" truecount="1" falsecount="0"/>
      <line num="47" count="3" type="stmt"/>
      <line num="48" count="3" type="cond" truecount="1" falsecount="0"/>
      <line num="49" count="4" type="cond" truecount="2" falsecount="0"/>
      <line num="50" count="3" type="stmt"/>
      <line num="51" count="3" type="stmt"/>
      <line num="52" count="3" type="stmt"/>
      <line num="54" count="24" type="cond" truecount="1" falsecount="0"/>
      <line num="55" count="1" type="cond" truecount="1" falsecount="0"/>
      <line num="56" count="1" type="stmt"/>
      <line num="58" count="24" type="cond" truecount="1" falsecount="0"/>
      <line num="59" count="17" type="cond" truecount="2" falsecount="0"/>
      <line num="60" count="17" type="cond" truecount="2" falsecount="0"/>
      <line num="61" count="13" type="stmt"/>
      <line num="62" count="24" type="stmt"/>
      <line num="65" count="24" type="stmt"/>
      <line num="66" count="24" type="cond" truecount="1" falsecount="0"/>
      <line num="67" count="12" type="stmt"/>
      <line num="68" count="12" type="stmt"/>
      <line num="71" count="24" type="cond" truecount="1" falsecount="0"/>
      <line num="72" count="12" type="stmt"/>
      <line num="73" count="12" type="stmt"/>
      <line num="75" count="24" type="cond" truecount="1" falsecount="0"/>
      <line num="77" count="24" type="stmt"/>
      <line num="78" count="24" type="stmt"/>
      <line num="79" count="24" type="stmt"/>
      <line num="81" count="24" type="stmt"/>
      <line num="82" count="24" type="stmt"/>
      <line num="83" count="24" type="stmt"/>
      <line num="84" count="24" type="stmt"/>
      <line num="85" count="24" type="stmt"/>
      <line num="86" count="24" type="cond" truecount="1" falsecount="0"/>
      <line num="87" count="24" type="cond" truecount="1" falsecount="0"/>
      <line num="88" count="24" type="stmt"/>
      <line num="89" count="24" type="stmt"/>
      <line num="90" count="24" type="stmt"/>
      <line num="91" count="24" type="stmt"/>
      <line num="92" count="24" type="stmt"/>
      <line num="94" count="24" type="stmt"/>
      <line num="95" count="24" type="stmt"/>
      <line num="96" count="24" type="stmt"/>
      <line num="97" count="24" type="stmt"/>
      <line num="98" count="24" type="stmt"/>
      <line num="99" count="24" type="stmt"/>
      <line num="101" count="24" type="cond" truecount="1" falsecount="0"/>
      <line num="102" count="24" type="stmt"/>
      <line num="103" count="24" type="stmt"/>
      <line num="104" count="24" type="cond" truecount="1" falsecount="0"/>
      <line num="105" count="15" type="stmt"/>
      <line num="106" count="15" type="stmt"/>
      <line num="107" count="15" type="stmt"/>
      <line num="108" count="15" type="cond" truecount="2" falsecount="0"/>
      <line num="109" count="15" type="stmt"/>
      <line num="110" count="15" type="cond" truecount="1" falsecount="0"/>
      <line num="112" count="15" type="cond" truecount="1" falsecount="0"/>
      <line num="113" count="5" type="stmt"/>
      <line num="115" count="15" type="stmt"/>
      <line num="116" count="15" type="stmt"/>
      <line num="117" count="15" type="stmt"/>
      <line num="118" count="15" type="cond" truecount="2" falsecount="0"/>
      <line num="119" count="15" type="stmt"/>
      <line num="121" count="15" type="stmt"/>
      <line num="122" count="15" type="stmt"/>
      <line num="123" count="15" type="stmt"/>
      <line num="124" count="24" type="stmt"/>
      <line num="125" count="24" type="stmt"/>
      <line num="126" count="24" type="stmt"/>
      <line num="127" count="24" type="stmt"/>
      <line num="128" count="24" type="stmt"/>
      <line num="130" count="24" type="stmt"/>
      <line num="131" count="24" type="stmt"/>
      <line num="132" count="24" type="cond" truecount="2" falsecount="0"/>
      <line num="133" count="24" type="stmt"/>
      <line num="135" count="24" type="stmt"/>
      <line num="136" count="24" type="stmt"/>
      <line num="137" count="24" type="stmt"/>
      <line num="138" count="24" type="cond" truecount="2" falsecount="0"/>
      <line num="139" count="24" type="stmt"/>
      <line num="140" count="24" type="cond" truecount="1" falsecount="0"/>
      <line num="141" count="24" type="stmt"/>
      <line num="143" count="24" type="stmt"/>
      <line num="144" count="24" type="stmt"/>
      <line num="145" count="24" type="stmt"/>
      <line num="146" count="24" type="cond" truecount="2" falsecount="0"/>
      <line num="147" count="24" type="stmt"/>
      <line num="148" count="24" type="cond" truecount="1" falsecount="0"/>
      <line num="149" count="24" type="stmt"/>
      <line num="151" count="24" type="stmt"/>
      <line num="152" count="24" type="stmt"/>
      <line num="153" count="24" type="stmt"/>
      <line num="154" count="24" type="cond" truecount="2" falsecount="0"/>
      <line num="155" count="24" type="stmt"/>
      <line num="156" count="24" type="cond" truecount="1" falsecount="0"/>
      <line num="157" count="24" type="stmt"/>
      <line num="159" count="24" type="stmt"/>
      <line num="160" count="24" type="stmt"/>
      <line num="162" count="24" type="stmt"/>
      <line num="163" count="24" type="stmt"/>
      <line num="164" count="24" type="stmt"/>
      <line num="165" count="24" type="cond" truecount="1" falsecount="0"/>
      <line num="166" count="24" type="stmt"/>
      <line num="168" count="24" type="stmt"/>
      <line num="169" count="24" type="stmt"/>
      <line num="170" count="24" type="stmt"/>
      <line num="171" count="24" type="stmt"/>
      <line num="172" count="24" type="stmt"/>
      <line num="174" count="24" type="stmt"/>
      <line num="175" count="24" type="stmt"/>
      <line num="176" count="24" type="stmt"/>
      <line num="177" count="24" type="stmt"/>
      <line num="178" count="24" type="stmt"/>
      <line num="179" count="24" type="cond" truecount="0" falsecount="1"/>
      <line num="180" count="24" type="stmt"/>
      <line num="182" count="24" type="stmt"/>
      <line num="184" count="24" type="stmt"/>
      <line num="185" count="24" type="stmt"/>
      <line num="186" count="24" type="stmt"/>
      <line num="187" count="24" type="stmt"/>
      <line num="188" count="24" type="stmt"/>
      <line num="190" count="24" type="stmt"/>
      <line num="191" count="24" type="stmt"/>
      <line num="192" count="24" type="stmt"/>
      <line num="194" count="24" type="stmt"/>
    </file>
  </project>
</coverage>
