{"D:\\Программы\\Проги\\toDoList\\src\\App.tsx": {"path":"D:\\Программы\\Проги\\toDoList\\src\\App.tsx","all":false,"statementMap":{"0":{"start":{"line":1,"column":0},"end":{"line":1,"column":40}},"1":{"start":{"line":2,"column":0},"end":{"line":2,"column":50}},"3":{"start":{"line":4,"column":0},"end":{"line":4,"column":33}},"4":{"start":{"line":5,"column":0},"end":{"line":5,"column":38}},"12":{"start":{"line":13,"column":0},"end":{"line":13,"column":32}},"13":{"start":{"line":14,"column":0},"end":{"line":14,"column":48}},"14":{"start":{"line":15,"column":0},"end":{"line":15,"column":44}},"15":{"start":{"line":16,"column":0},"end":{"line":16,"column":77}},"16":{"start":{"line":17,"column":0},"end":{"line":17,"column":51}},"17":{"start":{"line":18,"column":0},"end":{"line":18,"column":54}},"18":{"start":{"line":19,"column":0},"end":{"line":19,"column":54}},"20":{"start":{"line":21,"column":0},"end":{"line":21,"column":23}},"22":{"start":{"line":23,"column":0},"end":{"line":23,"column":25}},"23":{"start":{"line":24,"column":0},"end":{"line":24,"column":37}},"25":{"start":{"line":26,"column":0},"end":{"line":26,"column":24}},"26":{"start":{"line":27,"column":0},"end":{"line":27,"column":21}},"27":{"start":{"line":28,"column":0},"end":{"line":28,"column":20}},"28":{"start":{"line":29,"column":0},"end":{"line":29,"column":23}},"29":{"start":{"line":30,"column":0},"end":{"line":30,"column":5}},"31":{"start":{"line":32,"column":0},"end":{"line":32,"column":30}},"32":{"start":{"line":33,"column":0},"end":{"line":33,"column":18}},"35":{"start":{"line":36,"column":0},"end":{"line":36,"column":8}},"36":{"start":{"line":37,"column":0},"end":{"line":37,"column":59}},"37":{"start":{"line":38,"column":0},"end":{"line":38,"column":22}},"38":{"start":{"line":39,"column":0},"end":{"line":39,"column":7}},"39":{"start":{"line":40,"column":0},"end":{"line":40,"column":24}},"40":{"start":{"line":41,"column":0},"end":{"line":41,"column":38}},"41":{"start":{"line":42,"column":0},"end":{"line":42,"column":11}},"42":{"start":{"line":43,"column":0},"end":{"line":43,"column":5}},"43":{"start":{"line":44,"column":0},"end":{"line":44,"column":3}},"45":{"start":{"line":46,"column":0},"end":{"line":46,"column":38}},"46":{"start":{"line":47,"column":0},"end":{"line":47,"column":13}},"47":{"start":{"line":48,"column":0},"end":{"line":48,"column":25}},"48":{"start":{"line":49,"column":0},"end":{"line":49,"column":71}},"49":{"start":{"line":50,"column":0},"end":{"line":50,"column":7}},"50":{"start":{"line":51,"column":0},"end":{"line":51,"column":5}},"51":{"start":{"line":52,"column":0},"end":{"line":52,"column":3}},"53":{"start":{"line":54,"column":0},"end":{"line":54,"column":32}},"54":{"start":{"line":55,"column":0},"end":{"line":55,"column":53}},"55":{"start":{"line":56,"column":0},"end":{"line":56,"column":3}},"57":{"start":{"line":58,"column":0},"end":{"line":58,"column":48}},"58":{"start":{"line":59,"column":0},"end":{"line":59,"column":51}},"59":{"start":{"line":60,"column":0},"end":{"line":60,"column":53}},"60":{"start":{"line":61,"column":0},"end":{"line":61,"column":15}},"61":{"start":{"line":62,"column":0},"end":{"line":62,"column":4}},"64":{"start":{"line":65,"column":0},"end":{"line":65,"column":23}},"65":{"start":{"line":66,"column":0},"end":{"line":66,"column":53}},"66":{"start":{"line":67,"column":0},"end":{"line":67,"column":50}},"67":{"start":{"line":68,"column":0},"end":{"line":68,"column":3}},"70":{"start":{"line":71,"column":0},"end":{"line":71,"column":32}},"71":{"start":{"line":72,"column":0},"end":{"line":72,"column":23}},"72":{"start":{"line":73,"column":0},"end":{"line":73,"column":3}},"74":{"start":{"line":75,"column":0},"end":{"line":75,"column":73}},"76":{"start":{"line":77,"column":0},"end":{"line":77,"column":10}},"77":{"start":{"line":78,"column":0},"end":{"line":78,"column":38}},"78":{"start":{"line":79,"column":0},"end":{"line":79,"column":43}},"80":{"start":{"line":81,"column":0},"end":{"line":81,"column":44}},"81":{"start":{"line":82,"column":0},"end":{"line":82,"column":47}},"82":{"start":{"line":83,"column":0},"end":{"line":83,"column":16}},"83":{"start":{"line":84,"column":0},"end":{"line":84,"column":23}},"84":{"start":{"line":85,"column":0},"end":{"line":85,"column":27}},"85":{"start":{"line":86,"column":0},"end":{"line":86,"column":56}},"86":{"start":{"line":87,"column":0},"end":{"line":87,"column":62}},"87":{"start":{"line":88,"column":0},"end":{"line":88,"column":48}},"88":{"start":{"line":89,"column":0},"end":{"line":89,"column":40}},"89":{"start":{"line":90,"column":0},"end":{"line":90,"column":34}},"90":{"start":{"line":91,"column":0},"end":{"line":91,"column":12}},"91":{"start":{"line":92,"column":0},"end":{"line":92,"column":14}},"93":{"start":{"line":94,"column":0},"end":{"line":94,"column":15}},"94":{"start":{"line":95,"column":0},"end":{"line":95,"column":27}},"95":{"start":{"line":96,"column":0},"end":{"line":96,"column":27}},"96":{"start":{"line":97,"column":0},"end":{"line":97,"column":61}},"97":{"start":{"line":98,"column":0},"end":{"line":98,"column":35}},"98":{"start":{"line":99,"column":0},"end":{"line":99,"column":21}},"100":{"start":{"line":101,"column":0},"end":{"line":101,"column":45}},"101":{"start":{"line":102,"column":0},"end":{"line":102,"column":62}},"102":{"start":{"line":103,"column":0},"end":{"line":103,"column":53}},"103":{"start":{"line":104,"column":0},"end":{"line":104,"column":38}},"104":{"start":{"line":105,"column":0},"end":{"line":105,"column":65}},"105":{"start":{"line":106,"column":0},"end":{"line":106,"column":24}},"106":{"start":{"line":107,"column":0},"end":{"line":107,"column":57}},"107":{"start":{"line":108,"column":0},"end":{"line":108,"column":62}},"108":{"start":{"line":109,"column":0},"end":{"line":109,"column":25}},"109":{"start":{"line":110,"column":0},"end":{"line":110,"column":57}},"111":{"start":{"line":112,"column":0},"end":{"line":112,"column":42}},"112":{"start":{"line":113,"column":0},"end":{"line":113,"column":67}},"114":{"start":{"line":115,"column":0},"end":{"line":115,"column":26}},"115":{"start":{"line":116,"column":0},"end":{"line":116,"column":25}},"116":{"start":{"line":117,"column":0},"end":{"line":117,"column":55}},"117":{"start":{"line":118,"column":0},"end":{"line":118,"column":66}},"118":{"start":{"line":119,"column":0},"end":{"line":119,"column":25}},"120":{"start":{"line":121,"column":0},"end":{"line":121,"column":33}},"121":{"start":{"line":122,"column":0},"end":{"line":122,"column":27}},"122":{"start":{"line":123,"column":0},"end":{"line":123,"column":24}},"123":{"start":{"line":124,"column":0},"end":{"line":124,"column":19}},"124":{"start":{"line":125,"column":0},"end":{"line":125,"column":20}},"125":{"start":{"line":126,"column":0},"end":{"line":126,"column":26}},"126":{"start":{"line":127,"column":0},"end":{"line":127,"column":13}},"127":{"start":{"line":128,"column":0},"end":{"line":128,"column":17}},"129":{"start":{"line":130,"column":0},"end":{"line":130,"column":39}},"130":{"start":{"line":131,"column":0},"end":{"line":131,"column":44}},"131":{"start":{"line":132,"column":0},"end":{"line":132,"column":75}},"132":{"start":{"line":133,"column":0},"end":{"line":133,"column":16}},"134":{"start":{"line":135,"column":0},"end":{"line":135,"column":48}},"135":{"start":{"line":136,"column":0},"end":{"line":136,"column":19}},"136":{"start":{"line":137,"column":0},"end":{"line":137,"column":51}},"137":{"start":{"line":138,"column":0},"end":{"line":138,"column":53}},"138":{"start":{"line":139,"column":0},"end":{"line":139,"column":17}},"139":{"start":{"line":140,"column":0},"end":{"line":140,"column":46}},"140":{"start":{"line":141,"column":0},"end":{"line":141,"column":13}},"142":{"start":{"line":143,"column":0},"end":{"line":143,"column":21}},"143":{"start":{"line":144,"column":0},"end":{"line":144,"column":19}},"144":{"start":{"line":145,"column":0},"end":{"line":145,"column":51}},"145":{"start":{"line":146,"column":0},"end":{"line":146,"column":56}},"146":{"start":{"line":147,"column":0},"end":{"line":147,"column":17}},"147":{"start":{"line":148,"column":0},"end":{"line":148,"column":49}},"148":{"start":{"line":149,"column":0},"end":{"line":149,"column":13}},"150":{"start":{"line":151,"column":0},"end":{"line":151,"column":21}},"151":{"start":{"line":152,"column":0},"end":{"line":152,"column":19}},"152":{"start":{"line":153,"column":0},"end":{"line":153,"column":51}},"153":{"start":{"line":154,"column":0},"end":{"line":154,"column":59}},"154":{"start":{"line":155,"column":0},"end":{"line":155,"column":17}},"155":{"start":{"line":156,"column":0},"end":{"line":156,"column":52}},"156":{"start":{"line":157,"column":0},"end":{"line":157,"column":13}},"158":{"start":{"line":159,"column":0},"end":{"line":159,"column":21}},"159":{"start":{"line":160,"column":0},"end":{"line":160,"column":16}},"161":{"start":{"line":162,"column":0},"end":{"line":162,"column":17}},"162":{"start":{"line":163,"column":0},"end":{"line":163,"column":42}},"163":{"start":{"line":164,"column":0},"end":{"line":164,"column":36}},"164":{"start":{"line":165,"column":0},"end":{"line":165,"column":60}},"165":{"start":{"line":166,"column":0},"end":{"line":166,"column":11}},"167":{"start":{"line":168,"column":0},"end":{"line":168,"column":19}},"168":{"start":{"line":169,"column":0},"end":{"line":169,"column":14}},"169":{"start":{"line":170,"column":0},"end":{"line":170,"column":12}},"170":{"start":{"line":171,"column":0},"end":{"line":171,"column":52}},"171":{"start":{"line":172,"column":0},"end":{"line":172,"column":53}},"173":{"start":{"line":174,"column":0},"end":{"line":174,"column":41}},"174":{"start":{"line":175,"column":0},"end":{"line":175,"column":15}},"175":{"start":{"line":176,"column":0},"end":{"line":176,"column":28}},"176":{"start":{"line":177,"column":0},"end":{"line":177,"column":40}},"177":{"start":{"line":178,"column":0},"end":{"line":178,"column":56}},"178":{"start":{"line":179,"column":0},"end":{"line":179,"column":51}},"179":{"start":{"line":180,"column":0},"end":{"line":180,"column":9}},"181":{"start":{"line":182,"column":0},"end":{"line":182,"column":17}},"183":{"start":{"line":184,"column":0},"end":{"line":184,"column":15}},"184":{"start":{"line":185,"column":0},"end":{"line":185,"column":28}},"185":{"start":{"line":186,"column":0},"end":{"line":186,"column":40}},"186":{"start":{"line":187,"column":0},"end":{"line":187,"column":56}},"187":{"start":{"line":188,"column":0},"end":{"line":188,"column":9}},"189":{"start":{"line":190,"column":0},"end":{"line":190,"column":17}},"190":{"start":{"line":191,"column":0},"end":{"line":191,"column":12}},"191":{"start":{"line":192,"column":0},"end":{"line":192,"column":10}},"193":{"start":{"line":194,"column":0},"end":{"line":194,"column":1}}},"s":{"0":1,"1":1,"3":1,"4":1,"12":24,"13":24,"14":24,"15":24,"16":24,"17":24,"18":24,"20":24,"22":24,"23":5,"25":5,"26":5,"27":5,"28":5,"29":5,"31":5,"32":5,"35":5,"36":5,"37":4,"38":5,"39":0,"40":0,"41":0,"42":0,"43":5,"45":24,"46":3,"47":3,"48":4,"49":3,"50":3,"51":3,"53":24,"54":1,"55":1,"57":24,"58":17,"59":17,"60":13,"61":24,"64":24,"65":24,"66":12,"67":12,"70":24,"71":12,"72":12,"74":24,"76":24,"77":24,"78":24,"80":24,"81":24,"82":24,"83":24,"84":24,"85":24,"86":24,"87":24,"88":24,"89":24,"90":24,"91":24,"93":24,"94":24,"95":24,"96":24,"97":24,"98":24,"100":24,"101":24,"102":24,"103":24,"104":15,"105":15,"106":15,"107":15,"108":15,"109":15,"111":15,"112":5,"114":15,"115":15,"116":15,"117":15,"118":15,"120":15,"121":15,"122":15,"123":24,"124":24,"125":24,"126":24,"127":24,"129":24,"130":24,"131":24,"132":24,"134":24,"135":24,"136":24,"137":24,"138":24,"139":24,"140":24,"142":24,"143":24,"144":24,"145":24,"146":24,"147":24,"148":24,"150":24,"151":24,"152":24,"153":24,"154":24,"155":24,"156":24,"158":24,"159":24,"161":24,"162":24,"163":24,"164":24,"165":24,"167":24,"168":24,"169":24,"170":24,"171":24,"173":24,"174":24,"175":24,"176":24,"177":24,"178":24,"179":24,"181":24,"183":24,"184":24,"185":24,"186":24,"187":24,"189":24,"190":24,"191":24,"193":24},"branchMap":{"0":{"type":"branch","line":13,"loc":{"start":{"line":13,"column":0},"end":{"line":194,"column":1}},"locations":[{"start":{"line":13,"column":0},"end":{"line":194,"column":1}}]},"1":{"type":"branch","line":66,"loc":{"start":{"line":66,"column":52},"end":{"line":68,"column":3}},"locations":[{"start":{"line":66,"column":52},"end":{"line":68,"column":3}}]},"2":{"type":"branch","line":71,"loc":{"start":{"line":71,"column":31},"end":{"line":73,"column":3}},"locations":[{"start":{"line":71,"column":31},"end":{"line":73,"column":3}}]},"3":{"type":"branch","line":132,"loc":{"start":{"line":132,"column":57},"end":{"line":132,"column":67}},"locations":[{"start":{"line":132,"column":57},"end":{"line":132,"column":67}}]},"4":{"type":"branch","line":132,"loc":{"start":{"line":132,"column":61},"end":{"line":132,"column":70}},"locations":[{"start":{"line":132,"column":61},"end":{"line":132,"column":70}}]},"5":{"type":"branch","line":138,"loc":{"start":{"line":138,"column":27},"end":{"line":138,"column":51}},"locations":[{"start":{"line":138,"column":27},"end":{"line":138,"column":51}}]},"6":{"type":"branch","line":138,"loc":{"start":{"line":138,"column":42},"end":{"line":138,"column":53}},"locations":[{"start":{"line":138,"column":42},"end":{"line":138,"column":53}}]},"7":{"type":"branch","line":146,"loc":{"start":{"line":146,"column":27},"end":{"line":146,"column":54}},"locations":[{"start":{"line":146,"column":27},"end":{"line":146,"column":54}}]},"8":{"type":"branch","line":146,"loc":{"start":{"line":146,"column":45},"end":{"line":146,"column":56}},"locations":[{"start":{"line":146,"column":45},"end":{"line":146,"column":56}}]},"9":{"type":"branch","line":154,"loc":{"start":{"line":154,"column":27},"end":{"line":154,"column":57}},"locations":[{"start":{"line":154,"column":27},"end":{"line":154,"column":57}}]},"10":{"type":"branch","line":154,"loc":{"start":{"line":154,"column":48},"end":{"line":154,"column":59}},"locations":[{"start":{"line":154,"column":48},"end":{"line":154,"column":59}}]},"11":{"type":"branch","line":179,"loc":{"start":{"line":179,"column":30},"end":{"line":179,"column":51}},"locations":[{"start":{"line":179,"column":30},"end":{"line":179,"column":51}}]},"12":{"type":"branch","line":23,"loc":{"start":{"line":23,"column":18},"end":{"line":44,"column":3}},"locations":[{"start":{"line":23,"column":18},"end":{"line":44,"column":3}}]},"13":{"type":"branch","line":24,"loc":{"start":{"line":24,"column":31},"end":{"line":24,"column":37}},"locations":[{"start":{"line":24,"column":31},"end":{"line":24,"column":37}}]},"14":{"type":"branch","line":37,"loc":{"start":{"line":37,"column":55},"end":{"line":38,"column":22}},"locations":[{"start":{"line":37,"column":55},"end":{"line":38,"column":22}}]},"15":{"type":"branch","line":39,"loc":{"start":{"line":39,"column":6},"end":{"line":43,"column":5}},"locations":[{"start":{"line":39,"column":6},"end":{"line":43,"column":5}}]},"16":{"type":"branch","line":37,"loc":{"start":{"line":37,"column":19},"end":{"line":37,"column":38}},"locations":[{"start":{"line":37,"column":19},"end":{"line":37,"column":38}}]},"17":{"type":"branch","line":46,"loc":{"start":{"line":46,"column":21},"end":{"line":52,"column":3}},"locations":[{"start":{"line":46,"column":21},"end":{"line":52,"column":3}}]},"18":{"type":"branch","line":48,"loc":{"start":{"line":48,"column":16},"end":{"line":49,"column":71}},"locations":[{"start":{"line":48,"column":16},"end":{"line":49,"column":71}}]},"19":{"type":"branch","line":49,"loc":{"start":{"line":49,"column":20},"end":{"line":49,"column":67}},"locations":[{"start":{"line":49,"column":20},"end":{"line":49,"column":67}}]},"20":{"type":"branch","line":49,"loc":{"start":{"line":49,"column":63},"end":{"line":49,"column":71}},"locations":[{"start":{"line":49,"column":63},"end":{"line":49,"column":71}}]},"21":{"type":"branch","line":54,"loc":{"start":{"line":54,"column":25},"end":{"line":56,"column":3}},"locations":[{"start":{"line":54,"column":25},"end":{"line":56,"column":3}}]},"22":{"type":"branch","line":55,"loc":{"start":{"line":55,"column":26},"end":{"line":55,"column":51}},"locations":[{"start":{"line":55,"column":26},"end":{"line":55,"column":51}}]},"23":{"type":"branch","line":58,"loc":{"start":{"line":58,"column":37},"end":{"line":62,"column":3}},"locations":[{"start":{"line":58,"column":37},"end":{"line":62,"column":3}}]},"24":{"type":"branch","line":59,"loc":{"start":{"line":59,"column":29},"end":{"line":59,"column":51}},"locations":[{"start":{"line":59,"column":29},"end":{"line":59,"column":51}}]},"25":{"type":"branch","line":59,"loc":{"start":{"line":59,"column":42},"end":{"line":60,"column":39}},"locations":[{"start":{"line":59,"column":42},"end":{"line":60,"column":39}}]},"26":{"type":"branch","line":60,"loc":{"start":{"line":60,"column":32},"end":{"line":60,"column":53}},"locations":[{"start":{"line":60,"column":32},"end":{"line":60,"column":53}}]},"27":{"type":"branch","line":60,"loc":{"start":{"line":60,"column":44},"end":{"line":61,"column":15}},"locations":[{"start":{"line":60,"column":44},"end":{"line":61,"column":15}}]},"28":{"type":"branch","line":75,"loc":{"start":{"line":75,"column":40},"end":{"line":75,"column":65}},"locations":[{"start":{"line":75,"column":40},"end":{"line":75,"column":65}}]},"29":{"type":"branch","line":86,"loc":{"start":{"line":86,"column":22},"end":{"line":86,"column":56}},"locations":[{"start":{"line":86,"column":22},"end":{"line":86,"column":56}}]},"30":{"type":"branch","line":87,"loc":{"start":{"line":87,"column":24},"end":{"line":87,"column":62}},"locations":[{"start":{"line":87,"column":24},"end":{"line":87,"column":62}}]},"31":{"type":"branch","line":101,"loc":{"start":{"line":101,"column":26},"end":{"line":126,"column":26}},"locations":[{"start":{"line":101,"column":26},"end":{"line":126,"column":26}}]},"32":{"type":"branch","line":104,"loc":{"start":{"line":104,"column":27},"end":{"line":123,"column":24}},"locations":[{"start":{"line":104,"column":27},"end":{"line":123,"column":24}}]},"33":{"type":"branch","line":108,"loc":{"start":{"line":108,"column":29},"end":{"line":108,"column":60}},"locations":[{"start":{"line":108,"column":29},"end":{"line":108,"column":60}}]},"34":{"type":"branch","line":108,"loc":{"start":{"line":108,"column":48},"end":{"line":108,"column":62}},"locations":[{"start":{"line":108,"column":48},"end":{"line":108,"column":62}}]},"35":{"type":"branch","line":112,"loc":{"start":{"line":112,"column":28},"end":{"line":113,"column":67}},"locations":[{"start":{"line":112,"column":28},"end":{"line":113,"column":67}}]},"36":{"type":"branch","line":118,"loc":{"start":{"line":118,"column":29},"end":{"line":118,"column":64}},"locations":[{"start":{"line":118,"column":29},"end":{"line":118,"column":64}}]},"37":{"type":"branch","line":118,"loc":{"start":{"line":118,"column":48},"end":{"line":118,"column":66}},"locations":[{"start":{"line":118,"column":48},"end":{"line":118,"column":66}}]},"38":{"type":"branch","line":110,"loc":{"start":{"line":110,"column":31},"end":{"line":110,"column":57}},"locations":[{"start":{"line":110,"column":31},"end":{"line":110,"column":57}}]},"39":{"type":"branch","line":140,"loc":{"start":{"line":140,"column":23},"end":{"line":140,"column":46}},"locations":[{"start":{"line":140,"column":23},"end":{"line":140,"column":46}}]},"40":{"type":"branch","line":148,"loc":{"start":{"line":148,"column":23},"end":{"line":148,"column":49}},"locations":[{"start":{"line":148,"column":23},"end":{"line":148,"column":49}}]},"41":{"type":"branch","line":156,"loc":{"start":{"line":156,"column":23},"end":{"line":156,"column":52}},"locations":[{"start":{"line":156,"column":23},"end":{"line":156,"column":52}}]},"42":{"type":"branch","line":165,"loc":{"start":{"line":165,"column":34},"end":{"line":165,"column":58}},"locations":[{"start":{"line":165,"column":34},"end":{"line":165,"column":58}}]}},"b":{"0":[24],"1":[12],"2":[12],"3":[15],"4":[9],"5":[22],"6":[2],"7":[1],"8":[23],"9":[1],"10":[23],"11":[0],"12":[5],"13":[0],"14":[4],"15":[0],"16":[1],"17":[3],"18":[4],"19":[3],"20":[1],"21":[1],"22":[1],"23":[17],"24":[2],"25":[15],"26":[2],"27":[13],"28":[17],"29":[6],"30":[5],"31":[24],"32":[15],"33":[5],"34":[10],"35":[5],"36":[5],"37":[10],"38":[3],"39":[1],"40":[1],"41":[1],"42":[17]},"fnMap":{"0":{"name":"List","decl":{"start":{"line":13,"column":0},"end":{"line":194,"column":1}},"loc":{"start":{"line":13,"column":0},"end":{"line":194,"column":1}},"line":13},"1":{"name":"addTask","decl":{"start":{"line":23,"column":18},"end":{"line":44,"column":3}},"loc":{"start":{"line":23,"column":18},"end":{"line":44,"column":3}},"line":23},"2":{"name":"toggleTask","decl":{"start":{"line":46,"column":21},"end":{"line":52,"column":3}},"loc":{"start":{"line":46,"column":21},"end":{"line":52,"column":3}},"line":46},"3":{"name":"clearCompleted","decl":{"start":{"line":54,"column":25},"end":{"line":56,"column":3}},"loc":{"start":{"line":54,"column":25},"end":{"line":56,"column":3}},"line":54},"4":{"name":"onChange","decl":{"start":{"line":86,"column":22},"end":{"line":86,"column":56}},"loc":{"start":{"line":86,"column":22},"end":{"line":86,"column":56}},"line":86},"5":{"name":"onKeyPress","decl":{"start":{"line":87,"column":24},"end":{"line":87,"column":62}},"loc":{"start":{"line":87,"column":24},"end":{"line":87,"column":62}},"line":87},"6":{"name":"onSwiper","decl":{"start":{"line":97,"column":20},"end":{"line":97,"column":61}},"loc":{"start":{"line":97,"column":20},"end":{"line":97,"column":61}},"line":97},"7":{"name":"onClick","decl":{"start":{"line":110,"column":31},"end":{"line":110,"column":57}},"loc":{"start":{"line":110,"column":31},"end":{"line":110,"column":57}},"line":110},"8":{"name":"onClick","decl":{"start":{"line":140,"column":23},"end":{"line":140,"column":46}},"loc":{"start":{"line":140,"column":23},"end":{"line":140,"column":46}},"line":140},"9":{"name":"onClick","decl":{"start":{"line":148,"column":23},"end":{"line":148,"column":49}},"loc":{"start":{"line":148,"column":23},"end":{"line":148,"column":49}},"line":148},"10":{"name":"onClick","decl":{"start":{"line":156,"column":23},"end":{"line":156,"column":52}},"loc":{"start":{"line":156,"column":23},"end":{"line":156,"column":52}},"line":156},"11":{"name":"onClick","decl":{"start":{"line":178,"column":19},"end":{"line":178,"column":56}},"loc":{"start":{"line":178,"column":19},"end":{"line":178,"column":56}},"line":178},"12":{"name":"onClick","decl":{"start":{"line":187,"column":19},"end":{"line":187,"column":56}},"loc":{"start":{"line":187,"column":19},"end":{"line":187,"column":56}},"line":187}},"f":{"0":24,"1":5,"2":3,"3":1,"4":6,"5":5,"6":0,"7":3,"8":1,"9":1,"10":1,"11":0,"12":0}}
}
